Searching for: label:bounty
Searching for: label:reward
Searching for: label:help
Searching for: wanted
Searching for: label:good
Searching for: first
Searching for: issue
[]
Searching for: label:bounty
Searching for: label:reward
Searching for: label:"help wanted"
Searching for: label:bounty
Searching for: label:reward
Searching for: label:"help wanted"
Searching for: label:bounty
Searching for: label:reward
Searching for: label:"help wanted"
Searching for: label:bounty
Searching for: label:reward
Searching for: label:"help wanted"
Searching for: label:bounty
Searching for: label:reward
Searching for: label:"help wanted"
Searching for: label:bounty
Searching for: label:reward
Searching for: label:"help wanted"
GitHub permissions verified successfully
Searching for: label:bounty
Searching for: label:reward
Searching for: label:"help wanted"
GitHub permissions verified successfully
Searching for: label:bounty
Searching for: label:reward
Searching for: label:"help wanted"
Search timed out: label:"help wanted"
Searching for: label:"good first issue"
Search timed out: label:"good first issue"
[]
=== 2026-03-04 05:27:28 ===
GitHub permissions verified successfully
[]
