2026-03-04 14:04:28 - GitHub permissions verified successfully
2026-03-04 14:04:28 - Searching for bounty opportunities: label:bounty+OR+label:reward+OR+label:"help wanted"+type:issue+state:open+%22$%22OR%22reward%22OR%22payment%22OR%22compensation%22
2026-03-04 14:04:58 - Search failed: 
2026-03-04 14:05:30 - GitHub permissions verified successfully
2026-03-04 14:05:30 - Searching for bounty opportunities: label:bounty+OR+label:reward+OR+label:"help wanted"+type:issue+state:open+$+OR+reward+OR+payment+OR+compensation
2026-03-04 14:06:00 - Search failed: 
2026-03-04 14:06:52 - GitHub permissions verified successfully
2026-03-04 14:06:52 - Searching for: label:bounty+type:issue+state:open
2026-03-04 14:06:55 - Searching for: label:reward+type:issue+state:open
2026-03-04 14:06:59 - Searching for: label:"help wanted"+type:issue+state:open
2026-03-04 14:07:29 - Search failed: 
2026-03-04 14:07:40 - No bounty opportunities found with explicit payment
2026-03-04 14:10:10 - GitHub permissions verified successfully
2026-03-04 14:10:10 - Searching for: label:bounty+type:issue+state:open
2026-03-04 14:10:13 - Searching for: label:reward+type:issue+state:open
2026-03-04 14:10:16 - Searching for: label:"help wanted"+type:issue+state:open
2026-03-04 14:10:46 - Search failed: 
2026-03-04 14:10:58 - No bounty opportunities found with explicit payment
2026-03-04 15:03:34 - GitHub permissions verified successfully
2026-03-04 15:03:34 - Searching for: label:bounty+type:issue+state:open
2026-03-04 15:03:37 - Searching for: label:reward+type:issue+state:open
2026-03-04 15:03:40 - Searching for: label:"help wanted"+type:issue+state:open
2026-03-04 15:04:10 - Search failed: 
2026-03-04 15:04:21 - No bounty opportunities found with explicit payment
2026-03-04 16:00:03 - GitHub permissions verified successfully
2026-03-04 16:00:03 - Searching for: label:bounty+type:issue+state:open
2026-03-04 16:00:06 - Searching for: label:reward+type:issue+state:open
2026-03-04 16:00:10 - Searching for: label:"help wanted"+type:issue+state:open
2026-03-04 16:00:13 - GitHub permissions verified successfully
2026-03-04 16:00:13 - Searching for: label:bounty+type:issue+state:open
2026-03-04 16:00:16 - Searching for: label:reward+type:issue+state:open
2026-03-04 16:00:20 - Searching for: label:"help wanted"+type:issue+state:open
2026-03-04 16:00:40 - Search failed: 
2026-03-04 16:00:50 - Search failed: 
2026-03-04 16:00:50 - No bounty opportunities found with explicit payment
[]
2026-03-04 16:01:00 - No bounty opportunities found with explicit payment
2026-03-04 16:03:24 - GitHub permissions verified successfully
2026-03-04 16:03:24 - Searching for: label:bounty+type:issue+state:open
2026-03-04 16:03:27 - Searching for: label:reward+type:issue+state:open
2026-03-04 16:03:30 - Searching for: label:"help wanted"+type:issue+state:open
2026-03-04 16:03:55 - GitHub permissions verified successfully
2026-03-04 16:03:55 - Searching for: label:bounty+type:issue+state:open
2026-03-04 16:03:58 - Searching for: label:reward+type:issue+state:open
2026-03-04 16:04:00 - Search failed: 
2026-03-04 16:04:01 - Searching for: label:"help wanted"+type:issue+state:open
2026-03-04 16:04:11 - No bounty opportunities found with explicit payment
2026-03-04 16:04:11 - Search failed: 
2026-03-04 16:04:22 - No bounty opportunities found with explicit payment
2026-03-04 16:06:11 - Starting bounty opportunity scout
2026-03-04 16:06:13 - GitHub permissions verified successfully
2026-03-04 16:06:13 - Searching for: label:bounty+type:issue+state:open
2026-03-04 16:06:16 - Searching for: label:reward+type:issue+state:open
2026-03-04 16:06:19 - Searching for: label:"help wanted"+type:issue+state:open
2026-03-04 16:06:44 - Search failed: 
2026-03-04 16:07:22 - Starting bounty scout
2026-03-04 16:07:23 - Search failed
[
  {
    "number": "5",
    "title": "Bounty: Implement MediaElement control (lifetime commercial license reward)",
    "owner": "Chevalier12",
    "repo": "InkkSlinger",
    "url": "https://github.com/Chevalier12/InkkSlinger/issues/5",
    "reward_type": "license",
    "reward_amount": "Lifetime Commercial License"
  },
  {
    "number": "3",
    "title": "Bounty: Implement InkCanvas and InkPresenter controls (lifetime commercial license reward)",
    "owner": "Chevalier12",
    "repo": "InkkSlinger",
    "url": "https://github.com/Chevalier12/InkkSlinger/issues/3",
    "reward_type": "license",
    "reward_amount": "Lifetime Commercial License"
  },
  {
    "number": "70",
    "title": "[BUG] 🐛 Critical Auth Loop Bug - Complete Platform Lockout + Bounty Claim Blocked",
    "owner": "INDIGOAZUL",
    "repo": "la-tanda-web",
    "url": "https://github.com/INDIGOAZUL/la-tanda-web/issues/70",
    "reward_type": "monetary",
    "reward_amount": "Undisclosed"
  },
  {
    "number": "562",
    "title": "Community Engagement Drive: Star + Follow + SaaSCity + BoTTube (Strength Multiplier)",
    "owner": "Scottcjn",
    "repo": "rustchain-bounties",
    "url": "https://github.com/Scottcjn/rustchain-bounties/issues/562",
    "reward_type": "token",
    "reward_amount": "000 RTC"
  },
  {
    "number": "561",
    "title": "[BOUNTY: 5 RTC BONUS] Community Engagement Trifecta",
    "owner": "Scottcjn",
    "repo": "rustchain-bounties",
    "url": "https://github.com/Scottcjn/rustchain-bounties/issues/561",
    "reward_type": "monetary",
    "reward_amount": "$2"
  }
]
